C51 COMPILER V9.01   INFRAREDINPUT                                                         06/16/2017 21:42:55 PAGE 1   


C51 COMPILER V9.01, COMPILATION OF MODULE INFRAREDINPUT
OBJECT MODULE PLACED IN InfraredInput.OBJ
COMPILER INVOKED BY: D:\Program\Keil\C51\BIN\C51.EXE InfraredInput.c LARGE BROWSE DEBUG OBJECTEXTEND

line level    source

   1          #include "InfraredInput.h"
   2          
   3          unsigned char IrValue[6];         //用来存放读取到的红外值
   4          
   5          unsigned char _time;
   6          
   7          void IrInit()
   8          {
   9   1              IT0=1;//下降沿触发
  10   1              EX0=1;//打开中断0允许
  11   1              EA=1;   //打开总中断
  12   1      
  13   1              IRIN=1;//初始化端口
  14   1      }
  15          
  16          
  17          unsigned char GetCurrentKey()
  18          {
  19   1              return IrValue[2];
  20   1      }
  21          
  22          unsigned char OnClickPowerControlKey(unsigned char controlKey)
  23          {
  24   1              return controlKey == 0x45;
  25   1      }
  26          
  27          Direction GetDirectionFromControlValue(unsigned char controlKey)
  28          {
  29   1              switch(controlKey)
  30   1              {
  31   2              case 0x1c:
  32   2                      return UP;      
  33   2              case 0x42:
  34   2                      return LEFT;
  35   2              case 0x52:
  36   2                      return DOWN;
  37   2              case 0x4a:
  38   2                      return RIGHT;
  39   2              }
  40   1              return NONE;
  41   1      }
  42          
  43          
  44          void ReadIr() interrupt 0 
  45          {
  46   1              unsigned char j,k;
  47   1              unsigned int err;
  48   1              _time=0;                                         
  49   1              //DelayMs(70);
  50   1      
  51   1              if(IRIN==0)             //确认是否真的接收到正确的信号
  52   1              {        
  53   2                      
  54   2                      err=1000;                               //1000*10us=10ms,超过说明接收到错误的信号
  55   2                      /*当两个条件都为真是循环，如果有一个条件为假的时候跳出循环，免得程序出错的时
C51 COMPILER V9.01   INFRAREDINPUT                                                         06/16/2017 21:42:55 PAGE 2   

  56   2                      侯，程序死在这里*/      
  57   2                      while((IRIN==0)&&(err>0))       //等待前面9ms的低电平过去               
  58   2                      {                       
  59   3                              DelayMs(1);
  60   3                              err--;
  61   3                      } 
  62   2                      if(IRIN==1)                     //如果正确等到9ms低电平
  63   2                      {
  64   3                              err=500;
  65   3                              while((IRIN==1)&&(err>0))                //等待4.5ms的起始高电平过去
  66   3                              {
  67   4                                      DelayMs(1);
  68   4                                      err--;
  69   4                              }
  70   3                              for(k=0;k<4;k++)                //共有4组数据
  71   3                              {                               
  72   4                                      for(j=0;j<8;j++)        //接收一组数据
  73   4                                      {
  74   5      
  75   5                                              err=60;         
  76   5                                              while((IRIN==0)&&(err>0))//等待信号前面的560us低电平过去
  77   5                                              {
  78   6                                                      DelayMs(1);
  79   6                                                      err--;
  80   6                                              }
  81   5                                              err=500;
  82   5                                              while((IRIN==1)&&(err>0))        //计算高电平的时间长度。
  83   5                                              {
  84   6                                                      DelayMs(1);//0.14ms
  85   6                                                      _time++;
  86   6                                                      err--;
  87   6                                                      if(_time>30)
  88   6                                                      {
  89   7                                                              EX0=1;
  90   7                                                              return;
  91   7                                                      }
  92   6                                              }
  93   5                                              IrValue[k]>>=1;  //k表示第几组数据
  94   5                                              if(_time>=8)                    //如果高电平出现大于565us，那么是1
  95   5                                              {
  96   6                                                      IrValue[k]|=0x80;
  97   6                                              }
  98   5                                              _time=0;                //用完时间要重新赋值                                                    
  99   5                                      }
 100   4                              }
 101   3                      }
 102   2                      if(IrValue[2]!=~IrValue[3])
 103   2                      {
 104   3                              return;
 105   3                      }
 106   2              }                       
 107   1      }


MODULE INFORMATION:   STATIC OVERLAYABLE
   CODE SIZE        =    437    ----
   CONSTANT SIZE    =   ----    ----
   XDATA SIZE       =      7       4
   PDATA SIZE       =   ----    ----
   DATA SIZE        =   ----    ----
   IDATA SIZE       =   ----    ----
   BIT SIZE         =   ----    ----
C51 COMPILER V9.01   INFRAREDINPUT                                                         06/16/2017 21:42:55 PAGE 3   

END OF MODULE INFORMATION.


C51 COMPILATION COMPLETE.  0 WARNING(S),  0 ERROR(S)
