C51 COMPILER V9.01   INITGAME                                                              06/16/2017 21:42:20 PAGE 1   


C51 COMPILER V9.01, COMPILATION OF MODULE INITGAME
OBJECT MODULE PLACED IN InitGame.OBJ
COMPILER INVOKED BY: D:\Program\Keil\C51\BIN\C51.EXE InitGame.c LARGE BROWSE DEBUG OBJECTEXTEND

line level    source

   1          
   2          #include "InitGame.h"
   3          
   4          
   5          unsigned char IsDirection(Direction dir)
   6          {
   7   1              if (dir != UP && dir != DOWN && dir != LEFT &&  dir != RIGHT)
   8   1                      return 0;
   9   1              return 1;
  10   1      }
  11          
  12          void DelayMs(unsigned int x)
  13          {
  14   1              unsigned char i;
  15   1              while(x--)
  16   1                      for (i = 0; i<13; i++);
  17   1      }                                               
  18                                                                     
  19          unsigned char getMax(unsigned char a,unsigned char b)
  20          {
  21   1              return a > b ? a : b;
  22   1      }                       


MODULE INFORMATION:   STATIC OVERLAYABLE
   CODE SIZE        =     58    ----
   CONSTANT SIZE    =   ----    ----
   XDATA SIZE       =   ----    ----
   PDATA SIZE       =   ----    ----
   DATA SIZE        =   ----    ----
   IDATA SIZE       =   ----    ----
   BIT SIZE         =   ----    ----
END OF MODULE INFORMATION.


C51 COMPILATION COMPLETE.  0 WARNING(S),  0 ERROR(S)
