C51 COMPILER V9.01   INITCONST                                                             05/25/2017 14:40:53 PAGE 1   


C51 COMPILER V9.01, COMPILATION OF MODULE INITCONST
OBJECT MODULE PLACED IN InitConst.OBJ
COMPILER INVOKED BY: D:\Program\Keil\C51\BIN\C51.EXE InitConst.c LARGE BROWSE DEBUG OBJECTEXTEND

line level    source

   1          
   2          #include "InitConst.h"
   3          
   4          
   5          unsigned char isDirection(Direction dir)
   6          {
   7   1              if (dir != UP && dir != DOWN && dir != LEFT &&  dir != RIGHT)
   8   1                      return 0;
   9   1              return 1;
  10   1      }


MODULE INFORMATION:   STATIC OVERLAYABLE
   CODE SIZE        =     26    ----
   CONSTANT SIZE    =   ----    ----
   XDATA SIZE       =   ----    ----
   PDATA SIZE       =   ----    ----
   DATA SIZE        =   ----    ----
   IDATA SIZE       =   ----    ----
   BIT SIZE         =   ----    ----
END OF MODULE INFORMATION.


C51 COMPILATION COMPLETE.  0 WARNING(S),  0 ERROR(S)
