C51 COMPILER V9.01   MATRIXLED                                                             06/05/2017 22:55:29 PAGE 1   


C51 COMPILER V9.01, COMPILATION OF MODULE MATRIXLED
OBJECT MODULE PLACED IN MatrixLED.OBJ
COMPILER INVOKED BY: D:\Program\Keil\C51\BIN\C51.EXE MatrixLED.c LARGE BROWSE DEBUG OBJECTEXTEND

line level    source

   1          #include "MatrixLED.h"
   2          
   3          //列 左至右
   4          unsigned char const code COL[8] = { 0x7f,0xbf,0xdf,0xef,0xf7,0xfb,0xfd,0xfe };
   5          
   6          unsigned char _currentRedCOL[8];         
   7          
   8          unsigned char _currentGreenCOL[8];
   9          
  10          unsigned char _redMatrix[8][8];
  11          
  12          unsigned char _greenMatrix[8][8];
  13          
  14          unsigned char const explodeCol[5][8] = 
  15          {       0x00,0x00,0x00,0x18,0x18,0x00,0x00,0x00,
  16                  0x00,0x00,0x3c,0x24,0x24,0x3c,0x00,0x00,
  17                  0x00,0x7e,0x42,0x42,0x42,0x42,0x7e,0x00,
  18                  0xff,0x81,0x81,0x81,0x81,0x81,0x81,0xff
  19          };
  20          
  21          void InitRedMatrix()
  22          {
  23   1              unsigned char i, j;
  24   1              for (i = 0; i < 8; i++)
  25   1                      for (j = 0; j < 8; j++)
  26   1                              _redMatrix[i][j] = 0;
  27   1      }
  28          
  29          void InitGreenMatrix()
  30          {
  31   1              unsigned char i, j;
  32   1              for (i = 0; i < 8; i++)
  33   1                      for (j = 0; j < 8; j++)
  34   1                              _greenMatrix[i][j] = 0;
  35   1      }
  36          
  37          void InitCurrentCOL()
  38          {
  39   1              unsigned char i;
  40   1              for (i = 0; i < 8; i++)
  41   1                      _currentRedCOL[i] = 0x00;
  42   1      }
  43          
  44          void AddPointToRedMat(const Point point) 
  45          {
  46   1              _redMatrix[point.y - 1][point.x - 1] = 1; 
  47   1      }
  48          
  49          void AddPointToGreenMat(const Point point) 
  50          { 
  51   1              _greenMatrix[point.y - 1][point.x - 1] = 1; 
  52   1      }
  53          
  54          
  55          void updateCol()
C51 COMPILER V9.01   MATRIXLED                                                             06/05/2017 22:55:29 PAGE 2   

  56          {
  57   1              unsigned char i, j;
  58   1              InitCurrentCOL();
  59   1              for (i = 0; i < 8; i++)
  60   1                      for (j = 0; j < 8; j++)
  61   1                      {
  62   2                              _currentRedCOL[i] |= _redMatrix[j][i] ;
  63   2                              _currentGreenCOL[i] |= _greenMatrix[j][i];
  64   2                              if (j < 7)                                                                              //每检测完一行转到下一行
  65   2                              {
  66   3                                      _currentRedCOL[i] <<= 1;
  67   3                                      _currentGreenCOL[i] <<= 1;
  68   3                              }
  69   2                      }
  70   1      }
  71          
  72          void ShowMatrix(unsigned char showTime)
  73          {
  74   1              unsigned char col,k = 0;
  75   1              for (; showTime > 0; --showTime)
  76   1                      for (col = 0; col < 8; col++)
  77   1                      {
  78   2                              READPORTS = 0xFF;               
  79   2                              GREENPORTS = 0xFF;      
  80   2      
  81   2                              COMMONPORTS = _currentRedCOL[col]; 
  82   2                              READPORTS = COL[col];            
  83   2      
  84   2                              COMMONPORTS = _currentGreenCOL[col];
  85   2                              GREENPORTS = COL[col];  
  86   2                      }
  87   1      }
  88          
  89          void ShowExplode(unsigned char showTime)
  90          {               
  91   1              unsigned char i,j,temTime;
  92   1              READPORTS = 0xFF;
  93   1              for (i = 0;i < 5; ++i)
  94   1                      for (temTime = showTime; temTime > 0; --temTime)
  95   1                              for(j = 0;j < 8; ++j)
  96   1                              {                                               
  97   2                                      //GREENPORTS = 0xFF;    
  98   2                                      COMMONPORTS = explodeCol[i][j];
  99   2                                      GREENPORTS = COL[j];
 100   2                                      DelayMs(1);     
 101   2                              }
 102   1      }
 103          


MODULE INFORMATION:   STATIC OVERLAYABLE
   CODE SIZE        =    498    ----
   CONSTANT SIZE    =      8    ----
   XDATA SIZE       =    184       9
   PDATA SIZE       =   ----    ----
   DATA SIZE        =   ----    ----
   IDATA SIZE       =   ----    ----
   BIT SIZE         =   ----    ----
END OF MODULE INFORMATION.


C51 COMPILATION COMPLETE.  0 WARNING(S),  0 ERROR(S)
