C51 COMPILER V9.01   POINT                                                                 05/25/2017 16:46:33 PAGE 1   


C51 COMPILER V9.01, COMPILATION OF MODULE POINT
OBJECT MODULE PLACED IN Point.OBJ
COMPILER INVOKED BY: D:\Program\Keil\C51\BIN\C51.EXE Point.c LARGE BROWSE DEBUG OBJECTEXTEND

line level    source

   1          
   2          #include "Point.h"
   3          
   4          
   5          unsigned char pointToInt(const Point p) 
   6          { 
   7   1              return (p.y - 1) * 8 + (p.x - 1); 
   8   1      }
   9          
  10          unsigned char XYToInt(const int x, const int y) 
  11          { 
  12   1              return (y - 1) * 8 + (x - 1); 
  13   1      }
  14          
  15          Point IntToPoint(unsigned char num)
  16          {
  17   1              Point p;
  18   1              p.x = num % 8 + 1;
  19   1              p.y = num / 8 + 1;
  20   1              return p;
  21   1      }


MODULE INFORMATION:   STATIC OVERLAYABLE
   CODE SIZE        =     54    ----
   CONSTANT SIZE    =   ----    ----
   XDATA SIZE       =   ----       4
   PDATA SIZE       =   ----    ----
   DATA SIZE        =   ----    ----
   IDATA SIZE       =   ----    ----
   BIT SIZE         =   ----    ----
END OF MODULE INFORMATION.


C51 COMPILATION COMPLETE.  0 WARNING(S),  0 ERROR(S)
